<?xml version="1.0" encoding="UTF-8"?>
<!-- Generated by org.testng.reporters.JUnitReportReporter -->
<testsuite hostname="LTIN496259" failures="0" tests="1" name="smoketests.ST_TC21_Create_Material" time="191.327" errors="0" timestamp="2025-07-02T04:59:18 IST" skipped="0">
  <testcase classname="smoketests.ST_TC21_Create_Material" name="ST_TC21_Create_Material_" time="191.327"/>
</testsuite> <!-- smoketests.ST_TC21_Create_Material -->
