<?xml version="1.0" encoding="UTF-8"?>
<!-- Generated by org.testng.reporters.JUnitReportReporter -->
<testsuite hostname="LTIN496259" failures="0" tests="1" name="E2E_Testcases.QuickSearchTest" time="63.725" errors="0" timestamp="2025-07-02T01:14:06 IST" skipped="0">
  <testcase classname="E2E_Testcases.QuickSearchTest" name="searchFlexPLMObject" time="63.725"/>
</testsuite> <!-- E2E_Testcases.QuickSearchTest -->
