<?xml version="1.0" encoding="UTF-8"?>
<!-- Generated by org.testng.reporters.JUnitReportReporter -->
<testsuite hostname="LTIN496259" failures="0" tests="1" name="E2E_Testcases.TC292_P0_E2E_CreateColors_Solid" time="62.951" errors="0" timestamp="2025-06-26T12:52:27 IST" skipped="0">
  <testcase classname="E2E_Testcases.TC292_P0_E2E_CreateColors_Solid" name="P0_TC_292_E2E_CreateColors_Solid" time="62.951"/>
</testsuite> <!-- E2E_Testcases.TC292_P0_E2E_CreateColors_Solid -->
