<?xml version="1.0" encoding="UTF-8"?>
<!-- Generated by org.testng.reporters.JUnitReportReporter -->
<testsuite hostname="LTIN496259" failures="0" tests="1" name="E2E_Testcases.TC287_P0_E2E_ProductCreation" time="184.151" errors="0" timestamp="2025-06-26T23:21:33 IST" skipped="0">
  <testcase classname="E2E_Testcases.TC287_P0_E2E_ProductCreation" name="P0_TC02_E2E_ProductCreation" time="184.151"/>
</testsuite> <!-- E2E_Testcases.TC287_P0_E2E_ProductCreation -->
