<?xml version="1.0" encoding="UTF-8"?>
<!-- Generated by org.testng.reporters.JUnitReportReporter -->
<testsuite hostname="LTIN496259" failures="0" tests="1" name="smoketests.ST_TC01_Create_Color" time="64.036" errors="0" timestamp="2025-07-02T02:48:05 IST" skipped="0">
  <testcase classname="smoketests.ST_TC01_Create_Color" name="ST_TC02_Create_Color_" time="64.036"/>
</testsuite> <!-- smoketests.ST_TC01_Create_Color -->
