<?xml version="1.0" encoding="UTF-8"?>
<!-- Generated by org.testng.reporters.JUnitReportReporter -->
<testsuite hostname="LTIN496259" failures="0" tests="1" name="E2E_Testcases.logtest" time="62.814" errors="0" timestamp="2025-06-27T01:13:44 IST" skipped="0">
  <testcase classname="E2E_Testcases.logtest" name="testfunction" time="62.814"/>
</testsuite> <!-- E2E_Testcases.logtest -->
