<?xml version="1.0" encoding="UTF-8"?>
<!-- Generated by org.testng.reporters.JUnitReportReporter -->
<testsuite hostname="LTIN496259" failures="0" tests="1" name="smoketests.ST_TC31_Create_Product" time="170.621" errors="0" timestamp="2025-07-02T03:32:56 IST" skipped="0">
  <testcase classname="smoketests.ST_TC31_Create_Product" name="ST_TC31_Create_Product_" time="170.621"/>
</testsuite> <!-- smoketests.ST_TC31_Create_Product -->
