<?xml version="1.0" encoding="UTF-8"?>
<!-- Generated by org.testng.reporters.JUnitReportReporter -->
<testsuite hostname="LTIN496259" failures="0" tests="1" name="smoketests.ST_TC11_Create_Color" time="64.683" errors="0" timestamp="2025-07-02T04:13:16 IST" skipped="0">
  <testcase classname="smoketests.ST_TC11_Create_Color" name="ST_TC11_Create_Color_" time="64.683"/>
</testsuite> <!-- smoketests.ST_TC11_Create_Color -->
