<?xml version="1.0" encoding="UTF-8"?>
<!-- Generated by org.testng.reporters.JUnitReportReporter -->
<testsuite hostname="LTIN496259" failures="0" tests="1" name="smoketests.ST_TC12_Update_Color" time="47.134" errors="0" timestamp="2025-07-02T03:20:33 IST" skipped="0">
  <testcase classname="smoketests.ST_TC12_Update_Color" name="ST_TC12_Update_Color_" time="47.134"/>
</testsuite> <!-- smoketests.ST_TC12_Update_Color -->
