<?xml version="1.0" encoding="UTF-8"?>
<!-- Generated by org.testng.reporters.JUnitReportReporter -->
<testsuite hostname="LTIN496259" failures="0" tests="1" name="E2E_Testcases.UpdateMaterial" time="43.777" errors="0" timestamp="2025-06-27T04:42:19 IST" skipped="0">
  <testcase classname="E2E_Testcases.UpdateMaterial" name="P0_TC_292_E2E_CreateColors_Solid" time="43.777"/>
</testsuite> <!-- E2E_Testcases.UpdateMaterial -->
