<?xml version="1.0" encoding="UTF-8"?>
<!-- Generated by org.testng.reporters.JUnitReportReporter -->
<testsuite hostname="LTIN496259" failures="0" tests="1" name="E2E_Testcases.UpdateColor" time="61.793" errors="0" timestamp="2025-07-02T02:31:00 IST" skipped="0">
  <testcase classname="E2E_Testcases.UpdateColor" name="P0_TC_292_E2E_UpdateColor" time="61.793"/>
</testsuite> <!-- E2E_Testcases.UpdateColor -->
